# JRE version: OpenJDK Runtime Environment (8.0_131-b11) (build 1.8.0_131-8u131-b11-2ubuntu1.16.04.3-b11)
# Java VM: OpenJDK 64-Bit Server VM (25.131-b11 mixed mode linux-amd64 compressed oops)
Heap:
 PSYoungGen      total 496128K, used 275858K [0x00000000e1900000, 0x0000000100000000, 0x0000000100000000)
  eden space 493568K, 55% used [0x00000000e1900000,0x00000000f24fca20,0x00000000ffb00000)
  from space 2560K, 56% used [0x00000000ffd80000,0x00000000ffee8000,0x0000000100000000)
  to   space 2560K, 0% used [0x00000000ffb00000,0x00000000ffb00000,0x00000000ffd80000)
 ParOldGen       total 115200K, used 58793K [0x00000000a4a00000, 0x00000000aba80000, 0x00000000e1900000)
  object space 115200K, 51% used [0x00000000a4a00000,0x00000000a836a5a8,0x00000000aba80000)
 Metaspace       used 55198K, capacity 56212K, committed 56960K, reserved 1099776K
  class space    used 6855K, capacity 7095K, committed 7296K, reserved 1048576K
GC Heap History (10 events):
Event: 46184.331 GC heap before
{Heap before GC invocations=12261 (full 5):
 PSYoungGen      total 496128K, used 496032K [0x00000000e1900000, 0x0000000100000000, 0x0000000100000000)
  eden space 494592K, 100% used [0x00000000e1900000,0x00000000ffc00000,0x00000000ffc00000)
  from space 1536K, 93% used [0x00000000ffc00000,0x00000000ffd68000,0x00000000ffd80000)
  to   space 2560K, 0% used [0x00000000ffd80000,0x00000000ffd80000,0x0000000100000000)
 ParOldGen       total 115200K, used 58793K [0x00000000a4a00000, 0x00000000aba80000, 0x00000000e1900000)
  object space 115200K, 51% used [0x00000000a4a00000,0x00000000a836a5a8,0x00000000aba80000)
 Metaspace       used 55198K, capacity 56212K, committed 56960K, reserved 1099776K
  class space    used 6855K, capacity 7095K, committed 7296K, reserved 1048576K
Event: 46184.335 GC heap after
Heap after GC invocations=12261 (full 5):
 PSYoungGen      total 496640K, used 224K [0x00000000e1900000, 0x0000000100000000, 0x0000000100000000)
  eden space 494080K, 0% used [0x00000000e1900000,0x00000000e1900000,0x00000000ffb80000)
  from space 2560K, 8% used [0x00000000ffd80000,0x00000000ffdb8000,0x0000000100000000)
  to   space 2048K, 0% used [0x00000000ffb80000,0x00000000ffb80000,0x00000000ffd80000)
 ParOldGen       total 115200K, used 58793K [0x00000000a4a00000, 0x00000000aba80000, 0x00000000e1900000)
  object space 115200K, 51% used [0x00000000a4a00000,0x00000000a836a5a8,0x00000000aba80000)
 Metaspace       used 55198K, capacity 56212K, committed 56960K, reserved 1099776K
  class space    used 6855K, capacity 7095K, committed 7296K, reserved 1048576K
}
Event: 46215.552 GC heap before
{Heap before GC invocations=12262 (full 5):
 PSYoungGen      total 496640K, used 494304K [0x00000000e1900000, 0x0000000100000000, 0x0000000100000000)
  eden space 494080K, 100% used [0x00000000e1900000,0x00000000ffb80000,0x00000000ffb80000)
  from space 2560K, 8% used [0x00000000ffd80000,0x00000000ffdb8000,0x0000000100000000)
  to   space 2048K, 0% used [0x00000000ffb80000,0x00000000ffb80000,0x00000000ffd80000)
 ParOldGen       total 115200K, used 58793K [0x00000000a4a00000, 0x00000000aba80000, 0x00000000e1900000)
  object space 115200K, 51% used [0x00000000a4a00000,0x00000000a836a5a8,0x00000000aba80000)
 Metaspace       used 55198K, capacity 56212K, committed 56960K, reserved 1099776K
  class space    used 6855K, capacity 7095K, committed 7296K, reserved 1048576K
Event: 46215.556 GC heap after
Heap after GC invocations=12262 (full 5):
 PSYoungGen      total 496128K, used 1408K [0x00000000e1900000, 0x0000000100000000, 0x0000000100000000)
  eden space 494080K, 0% used [0x00000000e1900000,0x00000000e1900000,0x00000000ffb80000)
  from space 2048K, 68% used [0x00000000ffb80000,0x00000000ffce0000,0x00000000ffd80000)
  to   space 2560K, 0% used [0x00000000ffd80000,0x00000000ffd80000,0x0000000100000000)
 ParOldGen       total 115200K, used 58793K [0x00000000a4a00000, 0x00000000aba80000, 0x00000000e1900000)
  object space 115200K, 51% used [0x00000000a4a00000,0x00000000a836a5a8,0x00000000aba80000)
 Metaspace       used 55198K, capacity 56212K, committed 56960K, reserved 1099776K
  class space    used 6855K, capacity 7095K, committed 7296K, reserved 1048576K
}
Event: 46248.383 GC heap before
{Heap before GC invocations=12263 (full 5):
 PSYoungGen      total 496128K, used 495488K [0x00000000e1900000, 0x0000000100000000, 0x0000000100000000)
  eden space 494080K, 100% used [0x00000000e1900000,0x00000000ffb80000,0x00000000ffb80000)
  from space 2048K, 68% used [0x00000000ffb80000,0x00000000ffce0000,0x00000000ffd80000)
  to   space 2560K, 0% used [0x00000000ffd80000,0x00000000ffd80000,0x0000000100000000)
 ParOldGen       total 115200K, used 58793K [0x00000000a4a00000, 0x00000000aba80000, 0x00000000e1900000)
  object space 115200K, 51% used [0x00000000a4a00000,0x00000000a836a5a8,0x00000000aba80000)
 Metaspace       used 55198K, capacity 56212K, committed 56960K, reserved 1099776K
  class space    used 6855K, capacity 7095K, committed 7296K, reserved 1048576K
Event: 46248.387 GC heap after
Heap after GC invocations=12263 (full 5):
 PSYoungGen      total 496128K, used 256K [0x00000000e1900000, 0x0000000100000000, 0x0000000100000000)
  eden space 493568K, 0% used [0x00000000e1900000,0x00000000e1900000,0x00000000ffb00000)
  from space 2560K, 10% used [0x00000000ffd80000,0x00000000ffdc0000,0x0000000100000000)
  to   space 2560K, 0% used [0x00000000ffb00000,0x00000000ffb00000,0x00000000ffd80000)
 ParOldGen       total 115200K, used 58793K [0x00000000a4a00000, 0x00000000aba80000, 0x00000000e1900000)
  object space 115200K, 51% used [0x00000000a4a00000,0x00000000a836a5a8,0x00000000aba80000)
 Metaspace       used 55198K, capacity 56212K, committed 56960K, reserved 1099776K
  class space    used 6855K, capacity 7095K, committed 7296K, reserved 1048576K
}
Event: 46280.447 GC heap before
{Heap before GC invocations=12264 (full 5):
 PSYoungGen      total 496128K, used 493824K [0x00000000e1900000, 0x0000000100000000, 0x0000000100000000)
  eden space 493568K, 100% used [0x00000000e1900000,0x00000000ffb00000,0x00000000ffb00000)
  from space 2560K, 10% used [0x00000000ffd80000,0x00000000ffdc0000,0x0000000100000000)
  to   space 2560K, 0% used [0x00000000ffb00000,0x00000000ffb00000,0x00000000ffd80000)
 ParOldGen       total 115200K, used 58793K [0x00000000a4a00000, 0x00000000aba80000, 0x00000000e1900000)
  object space 115200K, 51% used [0x00000000a4a00000,0x00000000a836a5a8,0x00000000aba80000)
 Metaspace       used 55198K, capacity 56212K, committed 56960K, reserved 1099776K
  class space    used 6855K, capacity 7095K, committed 7296K, reserved 1048576K
Event: 46280.450 GC heap after
Heap after GC invocations=12264 (full 5):
 PSYoungGen      total 496128K, used 0K [0x00000000e1900000, 0x0000000100000000, 0x0000000100000000)
  eden space 493568K, 0% used [0x00000000e1900000,0x00000000e1900000,0x00000000ffb00000)
  from space 2560K, 0% used [0x00000000ffb00000,0x00000000ffb00000,0x00000000ffd80000)
  to   space 2560K, 0% used [0x00000000ffd80000,0x00000000ffd80000,0x0000000100000000)
 ParOldGen       total 115200K, used 58793K [0x00000000a4a00000, 0x00000000aba80000, 0x00000000e1900000)
  object space 115200K, 51% used [0x00000000a4a00000,0x00000000a836a5a8,0x00000000aba80000)
 Metaspace       used 55198K, capacity 56212K, committed 56960K, reserved 1099776K
  class space    used 6855K, capacity 7095K, committed 7296K, reserved 1048576K
}
Event: 46311.884 GC heap before
{Heap before GC invocations=12265 (full 5):
 PSYoungGen      total 496128K, used 493568K [0x00000000e1900000, 0x0000000100000000, 0x0000000100000000)
  eden space 493568K, 100% used [0x00000000e1900000,0x00000000ffb00000,0x00000000ffb00000)
  from space 2560K, 0% used [0x00000000ffb00000,0x00000000ffb00000,0x00000000ffd80000)
  to   space 2560K, 0% used [0x00000000ffd80000,0x00000000ffd80000,0x0000000100000000)
 ParOldGen       total 115200K, used 58793K [0x00000000a4a00000, 0x00000000aba80000, 0x00000000e1900000)
  object space 115200K, 51% used [0x00000000a4a00000,0x00000000a836a5a8,0x00000000aba80000)
 Metaspace       used 55198K, capacity 56212K, committed 56960K, reserved 1099776K
  class space    used 6855K, capacity 7095K, committed 7296K, reserved 1048576K
Event: 46311.888 GC heap after
Heap after GC invocations=12265 (full 5):
 PSYoungGen      total 496128K, used 1440K [0x00000000e1900000, 0x0000000100000000, 0x0000000100000000)
  eden space 493568K, 0% used [0x00000000e1900000,0x00000000e1900000,0x00000000ffb00000)
  from space 2560K, 56% used [0x00000000ffd80000,0x00000000ffee8000,0x0000000100000000)
  to   space 2560K, 0% used [0x00000000ffb00000,0x00000000ffb00000,0x00000000ffd80000)
 ParOldGen       total 115200K, used 58793K [0x00000000a4a00000, 0x00000000aba80000, 0x00000000e1900000)
  object space 115200K, 51% used [0x00000000a4a00000,0x00000000a836a5a8,0x00000000aba80000)
 Metaspace       used 55198K, capacity 56212K, committed 56960K, reserved 1099776K
  class space    used 6855K, capacity 7095K, committed 7296K, reserved 1048576K
}

